1000 500000500 1000000000
1000 250000750 500000500
1000 125000875 250000750
1000 62500937 125000875
1000 31250968 62500937
31250969 46875953 62500937
31250969 39063461 46875953
31250969 35157215 39063461
35157216 37110338 39063461
37110339 38086900 39063461
37110339 37598619 38086900
37110339 37354479 37598619
37354480 37476549 37598619
37354480 37415514 37476549
37354480 37384997 37415514
37354480 37369738 37384997
37369739 37377368 37384997
37369739 37373553 37377368
37369739 37371646 37373553
37371647 37372600 37373553
37371647 37372123 37372600
37371647 37371885 37372123
37371886 37372004 37372123
37372005 37372064 37372123
37372005 37372034 37372064
37372035 37372049 37372064
37372035 37372042 37372049
37372043 37372046 37372049
37372047 37372048 37372049
373.720
